
Gurobi 9.0.0 (linux64, Python) logging started Fri Jan 10 01:20:22 2020

Using license file /home/takashi/gurobi/gurobi900/linux64/gurobi.lic
Set parameter LogFile to value gurobi.log
Academic license - for non-commercial use only
Read LP format model from file santa.lp
Reading time = 0.24 seconds
Obj: 409 rows, 97200 columns, 284412 nonzeros
Gurobi Optimizer version 9.0.0 build v9.0.0rc2 (linux64)
Optimize a model with 409 rows, 97200 columns and 284412 nonzeros
Model fingerprint: 0xc6fb390c
Variable types: 0 continuous, 97200 integer (97200 binary)
Coefficient statistics:
  Matrix range     [1e+00, 3e+01]
  Objective range  [3e-01, 2e+03]
  Bounds range     [1e+00, 1e+00]
  RHS range        [1e+00, 1e+00]
Presolve removed 3 rows and 38010 columns
Presolve time: 0.98s
Presolved: 406 rows, 59190 columns, 173012 nonzeros
Variable types: 0 continuous, 59190 integer (59190 binary)

Root relaxation: objective -1.077486e+02, 519 iterations, 0.02 seconds

    Nodes    |    Current Node    |     Objective Bounds      |     Work
 Expl Unexpl |  Obj  Depth IntInf | Incumbent    BestBd   Gap | It/Node Time

     0     0 -107.70068    0  111          - -107.70068      -     -    1s
H    0     0                    3023.5910370 -107.70068   104%     -    1s
H    0     0                     -17.8464950 -107.70068   503%     -    2s

Cutting planes:
  Cover: 6
  Clique: 3
  GUB cover: 7
  Zero half: 2
  RLT: 16

Explored 1 nodes (565 simplex iterations) in 2.24 seconds
Thread count was 24 (of 24 available processors)

Solution count 2: -17.8465 3023.59 
No other solutions better than -17.8465

Optimal solution found (tolerance 1.00e-04)
Best objective -1.784649500000e+01, best bound -1.784649500000e+01, gap 0.0000%

    Variable            x 
-------------------------
    x[62,38]            1 
   N[0,29,2]            1 
   N[1,2,15]            1 
   N[2,15,0]            1 
   N[4,11,0]            1 
    N[8,6,7]            1 
    N[9,7,6]            1 
  N[10,6,12]            1 
  N[11,12,5]            1 
   N[12,5,0]            1 
   N[14,5,3]            1 
  N[15,3,13]            1 
 N[16,13,10]            1 
 N[17,10,10]            1 
  N[18,10,4]            1 
   N[19,4,0]            1 
   N[21,2,2]            1 
   N[22,2,7]            1 
  N[23,7,13]            1 
  N[24,13,4]            1 
   N[25,4,0]            1 
   N[27,2,3]            1 
   N[28,3,0]            1 
 N[30,27,18]            1 
  N[31,18,4]            1 
   N[32,4,9]            1 
   N[33,9,0]            1 
   N[36,4,4]            1 
  N[37,4,19]            1 
  N[38,19,0]            1 
  N[44,6,10]            1 
 N[45,10,20]            1 
  N[46,20,0]            1 
   N[48,2,0]            1 
 N[51,15,10]            1 
 N[52,10,11]            1 
  N[53,11,0]            1 
   N[55,5,4]            1 
   N[56,4,2]            1 
   N[57,2,0]            1 
   N[60,6,0]            1 
   N[65,3,6]            1 
  N[66,6,10]            1 
  N[67,10,0]            1 
  N[73,7,15]            1 
  N[74,15,0]            1 
  N[80,13,4]            1 
   N[81,4,0]            1 
   N[84,2,0]            1 
  N[87,4,11]            1 
  N[88,11,0]            1 
   N[90,3,0]            1 
   N[93,3,0]            1 
  N[95,11,0]            1 
  N[99,3,30]            1 
      x[9,0]            1 
     x[60,0]            1 
     x[66,0]            1 
     x[67,0]            1 
     x[79,0]            1 
      x[3,1]            1 
     x[19,2]            1 
     x[20,2]            1 
     x[64,2]            1 
     x[98,2]            1 
   N[3,0,11]            1 
     x[45,4]            1 
     x[69,4]            1 
     x[93,4]            1 
    N[5,0,0]            1 
    N[6,0,0]            1 
    N[7,0,6]            1 
     x[84,8]            1 
     x[39,9]            1 
     x[73,9]            1 
    x[43,10]            1 
    x[71,10]            1 
    x[56,11]            1 
   x[105,11]            1 
   x[107,11]            1 
    x[38,12]            1 
   N[13,0,5]            1 
    x[37,14]            1 
    x[46,14]            1 
    x[25,15]            1 
    x[81,16]            1 
    x[91,16]            1 
   x[109,16]            1 
     x[8,17]            1 
    x[61,17]            1 
    x[80,17]            1 
    x[11,18]            1 
    x[23,18]            1 
    x[77,19]            1 
   N[20,0,2]            1 
    x[15,21]            1 
    x[89,22]            1 
    x[32,23]            1 
    x[95,23]            1 
     x[7,24]            1 
    x[40,24]            1 
    x[87,24]            1 
     x[1,25]            1 
   N[26,0,2]            1 
    x[51,27]            1 
    x[86,28]            1 
  N[29,0,27]            1 
    x[35,30]            1 
    x[41,30]            1 
    x[57,30]            1 
    x[63,30]            1 
   x[102,30]            1 
     x[5,31]            1 
    x[33,31]            1 
    x[48,31]            1 
    x[70,31]            1 
    x[82,31]            1 
    x[49,32]            1 
    x[52,32]            1 
   x[106,33]            1 
   x[108,33]            1 
   N[34,0,0]            1 
   N[35,0,4]            1 
    x[53,36]            1 
    x[27,37]            1 
    x[59,38]            1 
    x[99,38]            1 
   x[100,38]            1 
   N[39,0,0]            1 
   N[40,0,0]            1 
   N[41,0,0]            1 
   N[42,0,0]            1 
   N[43,0,6]            1 
    x[14,44]            1 
    x[47,44]            1 
    x[16,45]            1 
    x[34,45]            1 
    x[76,45]            1 
    x[17,46]            1 
    x[36,46]            1 
    x[65,46]            1 
    x[94,46]            1 
   x[104,46]            1 
   N[47,0,2]            1 
    x[44,48]            1 
   N[49,0,0]            1 
  N[50,0,15]            1 
     x[0,51]            1 
    x[12,51]            1 
    x[78,51]            1 
     x[4,52]            1 
    x[75,52]            1 
   x[101,52]            1 
    x[13,53]            1 
    x[85,53]            1 
    x[90,53]            1 
   N[54,0,5]            1 
    x[21,55]            1 
    x[88,56]            1 
    x[26,57]            1 
   N[58,0,0]            1 
   N[59,0,6]            1 
    x[22,60]            1 
   N[61,0,0]            1 
   N[62,0,0]            1 
   N[63,0,0]            1 
   N[64,0,3]            1 
    x[72,65]            1 
    x[50,66]            1 
    x[30,67]            1 
   x[103,67]            1 
   N[68,0,0]            1 
   N[69,0,0]            1 
   N[70,0,0]            1 
   N[71,0,0]            1 
   N[72,0,7]            1 
    x[31,73]            1 
    x[58,73]            1 
    x[18,74]            1 
    x[24,74]            1 
    x[96,74]            1 
   N[75,0,0]            1 
   N[76,0,0]            1 
   N[77,0,0]            1 
   N[78,0,0]            1 
  N[79,0,13]            1 
    x[28,80]            1 
    x[42,80]            1 
    x[74,81]            1 
   N[82,0,0]            1 
   N[83,0,2]            1 
    x[92,84]            1 
   N[85,0,0]            1 
   N[86,0,4]            1 
     x[6,87]            1 
    x[83,87]            1 
    x[29,88]            1 
    x[68,88]            1 
   N[89,0,3]            1 
    x[55,90]            1 
   N[91,0,0]            1 
   N[92,0,3]            1 
    x[54,93]            1 
  N[94,0,11]            1 
    x[10,95]            1 
    x[97,95]            1 
   N[96,0,0]            1 
   N[97,0,0]            1 
   N[98,0,3]            1 
     x[2,99]            1 

Gurobi 9.0.0 (linux64, Python) logging started Fri Jan 10 01:28:24 2020

Using license file /home/takashi/gurobi/gurobi900/linux64/gurobi.lic
Set parameter LogFile to value gurobi.log
Academic license - for non-commercial use only

Gurobi 9.0.0 (linux64, Python) logging started Fri Jan 10 01:28:39 2020

Using license file /home/takashi/gurobi/gurobi900/linux64/gurobi.lic
Set parameter LogFile to value gurobi.log
Academic license - for non-commercial use only

Gurobi 9.0.0 (linux64, Python) logging started Fri Jan 10 01:29:16 2020

Using license file /home/takashi/gurobi/gurobi900/linux64/gurobi.lic
Set parameter LogFile to value gurobi.log
Academic license - for non-commercial use only

Gurobi 9.0.0 (linux64, Python) logging started Fri Jan 10 01:29:27 2020

Using license file /home/takashi/gurobi/gurobi900/linux64/gurobi.lic
Set parameter LogFile to value gurobi.log
Academic license - for non-commercial use only
Error reading LP format file test.lp at line 9
Missing space after opening bracket in quadratic expression
Neighboring tokens: " +25 [x_0,_y_0] +18 [x_0,_y_1] +13 [x_0,_y_2] "

Error reading LP format file test.lp at line 9
Missing space after opening bracket in quadratic expression
Neighboring tokens: " +25 [x_0,_y_0] +18 [x_0,_y_1] +13 [x_0,_y_2] "

Read LP format model from file test.lp
Reading time = 0.00 seconds
Obj: 1 rows, 121 columns, 121 nonzeros
Gurobi Optimizer version 9.0.0 build v9.0.0rc2 (linux64)
Optimize a model with 1 rows, 121 columns and 121 nonzeros
Model fingerprint: 0xfca06d75
Variable types: 0 continuous, 121 integer (121 binary)
Coefficient statistics:
  Matrix range     [1e+00, 1e+00]
  Objective range  [1e+00, 8e+01]
  Bounds range     [1e+00, 1e+00]
  RHS range        [1e+00, 1e+00]
Found heuristic solution: objective 25.0000000
Presolve removed 1 rows and 121 columns
Presolve time: 0.00s
Presolve: All rows and columns removed

Explored 0 nodes (0 simplex iterations) in 0.00 seconds
Thread count was 1 (of 24 available processors)

Solution count 2: 0 

Optimal solution found (tolerance 1.00e-04)
Best objective 0.000000000000e+00, best bound 0.000000000000e+00, gap 0.0000%

    Variable            x 
-------------------------
        V037            1 
Error reading LP format file test.lp at line 9
Missing space after opening bracket in quadratic expression
Neighboring tokens: " +25 [x_0,_y_0] +18 [x_0,_y_1] +13 [x_0,_y_2] "

Read LP format model from file santa.lp
Reading time = 0.24 seconds
Obj: 409 rows, 97200 columns, 284412 nonzeros
Gurobi Optimizer version 9.0.0 build v9.0.0rc2 (linux64)
Optimize a model with 409 rows, 97200 columns and 284412 nonzeros
Model fingerprint: 0xc6fb390c
Variable types: 0 continuous, 97200 integer (97200 binary)
Coefficient statistics:
  Matrix range     [1e+00, 3e+01]
  Objective range  [3e-01, 2e+03]
  Bounds range     [1e+00, 1e+00]
  RHS range        [1e+00, 1e+00]
Presolve removed 3 rows and 38010 columns
Presolve time: 0.98s
Presolved: 406 rows, 59190 columns, 173012 nonzeros
Variable types: 0 continuous, 59190 integer (59190 binary)

Root relaxation: objective -1.077486e+02, 519 iterations, 0.02 seconds

    Nodes    |    Current Node    |     Objective Bounds      |     Work
 Expl Unexpl |  Obj  Depth IntInf | Incumbent    BestBd   Gap | It/Node Time

     0     0 -107.70068    0  111          - -107.70068      -     -    1s
H    0     0                    3023.5910370 -107.70068   104%     -    1s
H    0     0                     -17.8464950 -107.70068   503%     -    2s

Cutting planes:
  Cover: 6
  Clique: 3
  GUB cover: 7
  Zero half: 2
  RLT: 16

Explored 1 nodes (565 simplex iterations) in 2.22 seconds
Thread count was 24 (of 24 available processors)

Solution count 2: -17.8465 3023.59 
No other solutions better than -17.8465

Optimal solution found (tolerance 1.00e-04)
Best objective -1.784649500000e+01, best bound -1.784649500000e+01, gap 0.0000%
Read LP format model from file santa.lp
Reading time = 0.23 seconds
Obj: 409 rows, 97200 columns, 284412 nonzeros
Gurobi Optimizer version 9.0.0 build v9.0.0rc2 (linux64)
Optimize a model with 409 rows, 97200 columns and 284412 nonzeros
Model fingerprint: 0x2fb120f5
Variable types: 0 continuous, 97200 integer (97200 binary)
Coefficient statistics:
  Matrix range     [1e+00, 3e+01]
  Objective range  [3e-03, 2e+03]
  Bounds range     [1e+00, 1e+00]
  RHS range        [1e+00, 1e+00]
Presolve removed 3 rows and 38010 columns
Presolve time: 0.99s
Presolved: 406 rows, 59190 columns, 173012 nonzeros
Variable types: 0 continuous, 59190 integer (59190 binary)

Root relaxation: objective 3.940602e+01, 822 iterations, 0.03 seconds

    Nodes    |    Current Node    |     Objective Bounds      |     Work
 Expl Unexpl |  Obj  Depth IntInf | Incumbent    BestBd   Gap | It/Node Time

     0     0   39.40628    0   87          -   39.40628      -     -    1s
     0     0   45.61616    0   60          -   45.61616      -     -    2s
     0     0   45.61616    0   39          -   45.61616      -     -    2s
     0     0   45.67145    0   20          -   45.67145      -     -    2s
     0     0   45.73301    0   21          -   45.73301      -     -    2s
*    0     0               0      57.4866973   57.48670  0.00%     -    2s

Cutting planes:
  Cover: 53
  Clique: 99
  MIR: 1
  StrongCG: 1
  GUB cover: 38
  Zero half: 2
  RLT: 97

Explored 1 nodes (1307 simplex iterations) in 2.47 seconds
Thread count was 24 (of 24 available processors)

Solution count 1: 57.4867 

Optimal solution found (tolerance 1.00e-04)
Best objective 5.748669726000e+01, best bound 5.748669726000e+01, gap 0.0000%

    Variable            x 
-------------------------
    x[66,65]            1 
   N[0,27,2]            1 
   N[1,2,15]            1 
   N[2,15,0]            1 
   N[4,11,0]            1 
    N[8,6,7]            1 
    N[9,7,6]            1 
  N[10,6,12]            1 
  N[11,12,5]            1 
   N[12,5,0]            1 
   N[14,5,3]            1 
  N[15,3,13]            1 
 N[16,13,10]            1 
 N[17,10,10]            1 
  N[18,10,4]            1 
   N[19,4,0]            1 
   N[21,2,2]            1 
   N[22,2,7]            1 
  N[23,7,13]            1 
  N[24,13,4]            1 
   N[25,4,0]            1 
   N[27,2,3]            1 
   N[28,3,0]            1 
 N[30,27,18]            1 
  N[31,18,4]            1 
   N[32,4,9]            1 
   N[33,9,0]            1 
   N[36,4,4]            1 
  N[37,4,13]            1 
  N[38,13,0]            1 
  N[44,6,10]            1 
 N[45,10,20]            1 
  N[46,20,0]            1 
   N[48,2,0]            1 
 N[51,15,10]            1 
 N[52,10,11]            1 
  N[53,11,0]            1 
   N[55,5,4]            1 
   N[56,4,2]            1 
   N[57,2,0]            1 
   N[60,6,0]            1 
  N[65,11,6]            1 
  N[66,6,10]            1 
  N[67,10,0]            1 
  N[73,7,15]            1 
  N[74,15,0]            1 
  N[80,13,4]            1 
   N[81,4,0]            1 
   N[84,2,0]            1 
  N[87,4,11]            1 
  N[88,11,0]            1 
   N[90,3,0]            1 
   N[93,3,0]            1 
  N[95,11,0]            1 
   N[99,3,3]            1 
      x[9,0]            1 
     x[60,0]            1 
     x[62,0]            1 
     x[67,0]            1 
     x[79,0]            1 
      x[3,1]            1 
     x[19,2]            1 
     x[20,2]            1 
     x[64,2]            1 
     x[98,2]            1 
   N[3,0,11]            1 
     x[45,4]            1 
     x[69,4]            1 
     x[93,4]            1 
    N[5,0,0]            1 
    N[6,0,0]            1 
    N[7,0,6]            1 
     x[84,8]            1 
     x[39,9]            1 
     x[73,9]            1 
    x[43,10]            1 
    x[71,10]            1 
    x[56,11]            1 
   x[105,11]            1 
   x[107,11]            1 
    x[38,12]            1 
   N[13,0,5]            1 
    x[37,14]            1 
    x[46,14]            1 
    x[25,15]            1 
    x[81,16]            1 
    x[91,16]            1 
   x[109,16]            1 
     x[8,17]            1 
    x[61,17]            1 
    x[80,17]            1 
    x[11,18]            1 
    x[23,18]            1 
    x[77,19]            1 
   N[20,0,2]            1 
    x[15,21]            1 
    x[89,22]            1 
    x[32,23]            1 
    x[95,23]            1 
     x[7,24]            1 
    x[40,24]            1 
    x[87,24]            1 
     x[1,25]            1 
   N[26,0,2]            1 
    x[51,27]            1 
    x[86,28]            1 
  N[29,0,27]            1 
    x[35,30]            1 
    x[41,30]            1 
    x[57,30]            1 
    x[63,30]            1 
   x[102,30]            1 
     x[5,31]            1 
    x[33,31]            1 
    x[48,31]            1 
    x[70,31]            1 
    x[82,31]            1 
    x[49,32]            1 
    x[52,32]            1 
   x[106,33]            1 
   x[108,33]            1 
   N[34,0,0]            1 
   N[35,0,4]            1 
    x[53,36]            1 
    x[27,37]            1 
    x[59,38]            1 
    x[99,38]            1 
   x[100,38]            1 
   N[39,0,0]            1 
   N[40,0,0]            1 
   N[41,0,0]            1 
   N[42,0,0]            1 
   N[43,0,6]            1 
    x[14,44]            1 
    x[47,44]            1 
    x[16,45]            1 
    x[34,45]            1 
    x[76,45]            1 
    x[17,46]            1 
    x[36,46]            1 
    x[65,46]            1 
    x[94,46]            1 
   x[104,46]            1 
   N[47,0,2]            1 
    x[44,48]            1 
   N[49,0,0]            1 
  N[50,0,15]            1 
     x[0,51]            1 
    x[12,51]            1 
    x[78,51]            1 
     x[4,52]            1 
    x[75,52]            1 
   x[101,52]            1 
    x[13,53]            1 
    x[85,53]            1 
    x[90,53]            1 
   N[54,0,5]            1 
    x[21,55]            1 
    x[88,56]            1 
    x[26,57]            1 
   N[58,0,0]            1 
   N[59,0,6]            1 
    x[22,60]            1 
   N[61,0,0]            1 
   N[62,0,0]            1 
   N[63,0,0]            1 
  N[64,0,11]            1 
    x[72,65]            1 
    x[50,66]            1 
    x[30,67]            1 
   x[103,67]            1 
   N[68,0,0]            1 
   N[69,0,0]            1 
   N[70,0,0]            1 
   N[71,0,0]            1 
   N[72,0,7]            1 
    x[31,73]            1 
    x[58,73]            1 
    x[18,74]            1 
    x[24,74]            1 
    x[96,74]            1 
   N[75,0,0]            1 
   N[76,0,0]            1 
   N[77,0,0]            1 
   N[78,0,0]            1 
  N[79,0,13]            1 
    x[28,80]            1 
    x[42,80]            1 
    x[74,81]            1 
   N[82,0,0]            1 
   N[83,0,2]            1 
    x[92,84]            1 
   N[85,0,0]            1 
   N[86,0,4]            1 
     x[6,87]            1 
    x[83,87]            1 
    x[29,88]            1 
    x[68,88]            1 
   N[89,0,3]            1 
    x[55,90]            1 
   N[91,0,0]            1 
   N[92,0,3]            1 
    x[54,93]            1 
  N[94,0,11]            1 
    x[10,95]            1 
    x[97,95]            1 
   N[96,0,0]            1 
   N[97,0,0]            1 
   N[98,0,3]            1 
     x[2,99]            1 

    Variable            x 
-------------------------
    x[66,65]            1 
   N[0,27,2]            1 
   N[1,2,15]            1 
   N[2,15,0]            1 
   N[4,11,0]            1 
    N[8,6,7]            1 
    N[9,7,6]            1 
  N[10,6,12]            1 
  N[11,12,5]            1 
   N[12,5,0]            1 
   N[14,5,3]            1 
  N[15,3,13]            1 
 N[16,13,10]            1 
 N[17,10,10]            1 
  N[18,10,4]            1 
   N[19,4,0]            1 
   N[21,2,2]            1 
   N[22,2,7]            1 
  N[23,7,13]            1 
  N[24,13,4]            1 
   N[25,4,0]            1 
   N[27,2,3]            1 
   N[28,3,0]            1 
 N[30,27,18]            1 
  N[31,18,4]            1 
   N[32,4,9]            1 
   N[33,9,0]            1 
   N[36,4,4]            1 
  N[37,4,13]            1 
  N[38,13,0]            1 
  N[44,6,10]            1 
 N[45,10,20]            1 
  N[46,20,0]            1 
   N[48,2,0]            1 
 N[51,15,10]            1 
 N[52,10,11]            1 
  N[53,11,0]            1 
   N[55,5,4]            1 
   N[56,4,2]            1 
   N[57,2,0]            1 
   N[60,6,0]            1 
  N[65,11,6]            1 
  N[66,6,10]            1 
  N[67,10,0]            1 
  N[73,7,15]            1 
  N[74,15,0]            1 
  N[80,13,4]            1 
   N[81,4,0]            1 
   N[84,2,0]            1 
  N[87,4,11]            1 
  N[88,11,0]            1 
   N[90,3,0]            1 
   N[93,3,0]            1 
  N[95,11,0]            1 
   N[99,3,3]            1 
      x[9,0]            1 
     x[60,0]            1 
     x[62,0]            1 
     x[67,0]            1 
     x[79,0]            1 
      x[3,1]            1 
     x[19,2]            1 
     x[20,2]            1 
     x[64,2]            1 
     x[98,2]            1 
   N[3,0,11]            1 
     x[45,4]            1 
     x[69,4]            1 
     x[93,4]            1 
    N[5,0,0]            1 
    N[6,0,0]            1 
    N[7,0,6]            1 
     x[84,8]            1 
     x[39,9]            1 
     x[73,9]            1 
    x[43,10]            1 
    x[71,10]            1 
    x[56,11]            1 
   x[105,11]            1 
   x[107,11]            1 
    x[38,12]            1 
   N[13,0,5]            1 
    x[37,14]            1 
    x[46,14]            1 
    x[25,15]            1 
    x[81,16]            1 
    x[91,16]            1 
   x[109,16]            1 
     x[8,17]            1 
    x[61,17]            1 
    x[80,17]            1 
    x[11,18]            1 
    x[23,18]            1 
    x[77,19]            1 
   N[20,0,2]            1 
    x[15,21]            1 
    x[89,22]            1 
    x[32,23]            1 
    x[95,23]            1 
     x[7,24]            1 
    x[40,24]            1 
    x[87,24]            1 
     x[1,25]            1 
   N[26,0,2]            1 
    x[51,27]            1 
    x[86,28]            1 
  N[29,0,27]            1 
    x[35,30]            1 
    x[41,30]            1 
    x[57,30]            1 
    x[63,30]            1 
   x[102,30]            1 
     x[5,31]            1 
    x[33,31]            1 
    x[48,31]            1 
    x[70,31]            1 
    x[82,31]            1 
    x[49,32]            1 
    x[52,32]            1 
   x[106,33]            1 
   x[108,33]            1 
   N[34,0,0]            1 
   N[35,0,4]            1 
    x[53,36]            1 
    x[27,37]            1 
    x[59,38]            1 
    x[99,38]            1 
   x[100,38]            1 
   N[39,0,0]            1 
   N[40,0,0]            1 
   N[41,0,0]            1 
   N[42,0,0]            1 
   N[43,0,6]            1 
    x[14,44]            1 
    x[47,44]            1 
    x[16,45]            1 
    x[34,45]            1 
    x[76,45]            1 
    x[17,46]            1 
    x[36,46]            1 
    x[65,46]            1 
    x[94,46]            1 
   x[104,46]            1 
   N[47,0,2]            1 
    x[44,48]            1 
   N[49,0,0]            1 
  N[50,0,15]            1 
     x[0,51]            1 
    x[12,51]            1 
    x[78,51]            1 
     x[4,52]            1 
    x[75,52]            1 
   x[101,52]            1 
    x[13,53]            1 
    x[85,53]            1 
    x[90,53]            1 
   N[54,0,5]            1 
    x[21,55]            1 
    x[88,56]            1 
    x[26,57]            1 
   N[58,0,0]            1 
   N[59,0,6]            1 
    x[22,60]            1 
   N[61,0,0]            1 
   N[62,0,0]            1 
   N[63,0,0]            1 
  N[64,0,11]            1 
    x[72,65]            1 
    x[50,66]            1 
    x[30,67]            1 
   x[103,67]            1 
   N[68,0,0]            1 
   N[69,0,0]            1 
   N[70,0,0]            1 
   N[71,0,0]            1 
   N[72,0,7]            1 
    x[31,73]            1 
    x[58,73]            1 
    x[18,74]            1 
    x[24,74]            1 
    x[96,74]            1 
   N[75,0,0]            1 
   N[76,0,0]            1 
   N[77,0,0]            1 
   N[78,0,0]            1 
  N[79,0,13]            1 
    x[28,80]            1 
    x[42,80]            1 
    x[74,81]            1 
   N[82,0,0]            1 
   N[83,0,2]            1 
    x[92,84]            1 
   N[85,0,0]            1 
   N[86,0,4]            1 
     x[6,87]            1 
    x[83,87]            1 
    x[29,88]            1 
    x[68,88]            1 
   N[89,0,3]            1 
    x[55,90]            1 
   N[91,0,0]            1 
   N[92,0,3]            1 
    x[54,93]            1 
  N[94,0,11]            1 
    x[10,95]            1 
    x[97,95]            1 
   N[96,0,0]            1 
   N[97,0,0]            1 
   N[98,0,3]            1 
     x[2,99]            1 
Read LP format model from file santa.lp
Reading time = 0.43 seconds
Obj: 1299 rows, 178100 columns, 532075 nonzeros
Gurobi Optimizer version 9.0.0 build v9.0.0rc2 (linux64)
Optimize a model with 1299 rows, 178100 columns and 532075 nonzeros
Model fingerprint: 0x649229a8
Variable types: 0 continuous, 178100 integer (178100 binary)
Coefficient statistics:
  Matrix range     [1e+00, 6e+01]
  Objective range  [1e-02, 2e+03]
  Bounds range     [1e+00, 1e+00]
  RHS range        [1e+00, 1e+00]
Presolve removed 0 rows and 1740 columns
Presolve time: 0.75s
Presolved: 1299 rows, 176360 columns, 520576 nonzeros
Variable types: 0 continuous, 176360 integer (176360 binary)

Root relaxation: objective 9.365233e+03, 2477 iterations, 0.14 seconds

    Nodes    |    Current Node    |     Objective Bounds      |     Work
 Expl Unexpl |  Obj  Depth IntInf | Incumbent    BestBd   Gap | It/Node Time

     0     0 9365.23300    0  178          - 9365.23300      -     -    1s
     0     0 9540.96795    0  211          - 9540.96795      -     -    3s
     0     0 9568.09950    0  204          - 9568.09950      -     -    3s
     0     0 9584.04086    0  214          - 9584.04086      -     -    3s
     0     0 9639.24555    0  240          - 9639.24555      -     -    4s
     0     0 9668.01920    0  222          - 9668.01920      -     -    4s
     0     0 9692.12157    0  229          - 9692.12157      -     -    4s
     0     0 9700.02667    0  239          - 9700.02667      -     -    4s
     0     0 9705.64749    0  246          - 9705.64749      -     -    4s
     0     0 9707.32748    0  262          - 9707.32748      -     -    4s
     0     0 9709.62674    0  252          - 9709.62674      -     -    4s
     0     0 9715.77192    0  265          - 9715.77192      -     -    4s
     0     0 9716.11578    0  259          - 9716.11578      -     -    5s
     0     0 9716.76098    0  259          - 9716.76098      -     -    5s
     0     0 9716.77801    0  261          - 9716.77801      -     -    5s
     0     0 9728.87197    0  278          - 9728.87197      -     -    6s
     0     0 9742.94262    0  308          - 9742.94262      -     -    6s
     0     0 9749.43561    0  311          - 9749.43561      -     -    7s
     0     0 9750.20979    0  324          - 9750.20979      -     -    7s
     0     0 9764.88372    0  324          - 9764.88372      -     -    7s
     0     0 9768.40692    0  317          - 9768.40692      -     -    7s
     0     0 9770.64145    0  334          - 9770.64145      -     -    7s
     0     0 9771.78889    0  352          - 9771.78889      -     -    8s
     0     0 9773.83125    0  355          - 9773.83125      -     -    8s
     0     0 9775.26027    0  347          - 9775.26027      -     -    8s
     0     0 9780.16932    0  343          - 9780.16932      -     -    8s
     0     0 9781.29521    0  312          - 9781.29521      -     -    9s
     0     0 9782.09237    0  336          - 9782.09237      -     -    9s
     0     0 9782.36845    0  342          - 9782.36845      -     -    9s
     0     0 9782.42639    0  347          - 9782.42639      -     -    9s
     0     0 9792.38786    0  351          - 9792.38786      -     -   10s
     0     0 9794.38063    0  348          - 9794.38063      -     -   11s
     0     0 9808.37918    0  365          - 9808.37918      -     -   12s
     0     0 9815.62853    0  328          - 9815.62853      -     -   12s
     0     0 9817.05577    0  348          - 9817.05577      -     -   13s
     0     0 9818.27878    0  345          - 9818.27878      -     -   13s
     0     0 9818.80190    0  339          - 9818.80190      -     -   13s
     0     0 9820.48226    0  389          - 9820.48226      -     -   14s
     0     0 9820.86365    0  376          - 9820.86365      -     -   14s
     0     0 9829.76318    0  371          - 9829.76318      -     -   16s
     0     0 9833.15424    0  379          - 9833.15424      -     -   17s
     0     0 9835.08613    0  381          - 9835.08613      -     -   17s
     0     0 9838.42391    0  330          - 9838.42391      -     -   18s
     0     0 9839.35448    0  358          - 9839.35448      -     -   18s
     0     0 9839.85873    0  391          - 9839.85873      -     -   19s
     0     0 9840.87386    0  376          - 9840.87386      -     -   20s
     0     0 9843.79863    0  385          - 9843.79863      -     -   21s
     0     0 9847.34568    0  395          - 9847.34568      -     -   22s
     0     0 9852.07328    0  358          - 9852.07328      -     -   22s
     0     0 9852.79176    0  393          - 9852.79176      -     -   23s
     0     0 9853.19365    0  406          - 9853.19365      -     -   23s
     0     0 9856.18846    0  402          - 9856.18846      -     -   24s
     0     0 9862.98714    0  368          - 9862.98714      -     -   26s
     0     0 9864.06672    0  393          - 9864.06672      -     -   26s
     0     0 9867.80301    0  393          - 9867.80301      -     -   27s
     0     0 9868.93409    0  381          - 9868.93409      -     -   27s
     0     0 9870.16174    0  375          - 9870.16174      -     -   27s
     0     0 9870.52229    0  404          - 9870.52229      -     -   28s
H    0     0                    18366.022730 9870.52229  46.3%     -   29s
     0     0 9870.83543    0  413 18366.0227 9870.83543  46.3%     -   29s
H    0     0                    10262.751075 9870.83543  3.82%     -   32s
     0     0 9872.94325    0  391 10262.7511 9872.94325  3.80%     -   33s
     0     0 9873.49718    0  384 10262.7511 9873.49718  3.79%     -   33s
     0     0 9884.06983    0  371 10262.7511 9884.06983  3.69%     -   34s
H    0     0                    10262.440634 9884.06983  3.69%     -   35s
     0     0 9885.06552    0  372 10262.4406 9885.06552  3.68%     -   36s
     0     0 9888.37298    0  377 10262.4406 9888.37298  3.65%     -   36s
     0     0 9888.42131    0  368 10262.4406 9888.42131  3.64%     -   37s
     0     0 9891.03109    0  390 10262.4406 9891.03109  3.62%     -   38s
     0     0 9891.03109    0  389 10262.4406 9891.03109  3.62%     -   40s
H    0     0                    10217.034277 9891.03109  3.19%     -   43s
H    0     0                    10211.217499 9895.56254  3.09%     -   43s
     0     0 9895.56254    0  179 10211.2175 9895.56254  3.09%     -   44s
     0     0 9895.56254    0  204 10211.2175 9895.56254  3.09%     -   46s
     0     0 9895.56254    0  198 10211.2175 9895.56254  3.09%     -   46s
     0     0 9895.56254    0  196 10211.2175 9895.56254  3.09%     -   46s
     0     0 9895.56254    0  182 10211.2175 9895.56254  3.09%     -   46s
     0     0 9895.56254    0  176 10211.2175 9895.56254  3.09%     -   47s
     0     0 9895.56254    0  191 10211.2175 9895.56254  3.09%     -   47s
     0     0 9895.56254    0  224 10211.2175 9895.56254  3.09%     -   47s
     0     0 9895.56254    0  243 10211.2175 9895.56254  3.09%     -   47s
     0     0 9895.56254    0  201 10211.2175 9895.56254  3.09%     -   47s
H    0     0                    10207.553023 9895.56254  3.06%     -   47s
     0     0 9895.56254    0  190 10207.5530 9895.56254  3.06%     -   47s
     0     0 9895.56254    0  202 10207.5530 9895.56254  3.06%     -   48s
     0     0 9895.56254    0  223 10207.5530 9895.56254  3.06%     -   48s
     0     0 9895.56254    0  262 10207.5530 9895.56254  3.06%     -   48s
     0     0 9895.56254    0  239 10207.5530 9895.56254  3.06%     -   48s
     0     0 9895.56254    0  270 10207.5530 9895.56254  3.06%     -   48s
     0     0 9895.56254    0  260 10207.5530 9895.56254  3.06%     -   49s
     0     0 9895.56254    0  326 10207.5530 9895.56254  3.06%     -   49s
     0     0 9895.56254    0  370 10207.5530 9895.56254  3.06%     -   49s
     0     0 9895.56254    0  380 10207.5530 9895.56254  3.06%     -   50s
     0     0 9895.56254    0  325 10207.5530 9895.56254  3.06%     -   50s
     0     0 9895.56254    0  360 10207.5530 9895.56254  3.06%     -   51s
     0     0 9895.56254    0  360 10207.5530 9895.56254  3.06%     -   51s
     0     0 9895.56254    0  344 10207.5530 9895.56254  3.06%     -   52s
     0     0 9895.56254    0  388 10207.5530 9895.56254  3.06%     -   52s
     0     0 9895.56254    0  395 10207.5530 9895.56254  3.06%     -   52s
     0     0 9895.56254    0  396 10207.5530 9895.56254  3.06%     -   52s
     0     0 9898.80687    0  325 10207.5530 9898.80687  3.02%     -   54s
H    0     0                    10187.245128 9898.80687  2.83%     -   55s
     0     0 9901.27665    0  309 10187.2451 9901.27665  2.81%     -   55s
     0     0 9907.58143    0  327 10187.2451 9907.58143  2.75%     -   55s
     0     0 9909.12152    0  370 10187.2451 9909.12152  2.73%     -   56s
     0     0 9909.35367    0  358 10187.2451 9909.35367  2.73%     -   56s
     0     0 9910.55701    0  362 10187.2451 9910.55701  2.72%     -   57s
     0     0 9913.13350    0  349 10187.2451 9913.13350  2.69%     -   58s
     0     0 9914.98027    0  369 10187.2451 9914.98027  2.67%     -   59s
     0     0 9916.34218    0  316 10187.2451 9916.34218  2.66%     -   59s
     0     0 9917.58642    0  314 10187.2451 9917.58642  2.65%     -   59s
     0     0 9917.97082    0  328 10187.2451 9917.97082  2.64%     -   60s
     0     0 9925.54750    0  343 10187.2451 9925.54750  2.57%     -   60s
     0     0 9927.30745    0  345 10187.2451 9927.30745  2.55%     -   61s
     0     0 9927.83889    0  353 10187.2451 9927.83889  2.55%     -   62s
     0     0 9930.06315    0  320 10187.2451 9930.06315  2.52%     -   62s
     0     0 9930.06315    0  320 10187.2451 9930.06315  2.52%     -   64s
H    0     0                    10152.944078 9930.06315  2.20%     -   66s
H    0     0                    10119.006922 9934.14084  1.83%     -   66s
     0     0 9934.14084    0  177 10119.0069 9934.14084  1.83%     -   68s
     0     0 9934.14084    0  197 10119.0069 9934.14084  1.83%     -   69s
     0     0 9934.14084    0  197 10119.0069 9934.14084  1.83%     -   69s
     0     0 9934.14084    0  200 10119.0069 9934.14084  1.83%     -   69s
     0     0 9934.14084    0  192 10119.0069 9934.14084  1.83%     -   69s
     0     0 9934.14084    0  204 10119.0069 9934.14084  1.83%     -   69s
     0     0 9934.14084    0  180 10119.0069 9934.14084  1.83%     -   69s
     0     0 9934.14084    0  212 10119.0069 9934.14084  1.83%     -   69s
     0     0 9934.14084    0  240 10119.0069 9934.14084  1.83%     -   70s
     0     0 9934.14084    0  269 10119.0069 9934.14084  1.83%     -   70s
     0     0 9934.14084    0  265 10119.0069 9934.14084  1.83%     -   70s
     0     0 9934.14084    0  264 10119.0069 9934.14084  1.83%     -   70s
     0     0 9934.14084    0  308 10119.0069 9934.14084  1.83%     -   70s
     0     0 9934.14084    0  249 10119.0069 9934.14084  1.83%     -   71s
     0     0 9934.14084    0  236 10119.0069 9934.14084  1.83%     -   71s
     0     0 9934.14084    0  227 10119.0069 9934.14084  1.83%     -   71s
     0     0 9934.14084    0  297 10119.0069 9934.14084  1.83%     -   71s
     0     0 9934.14084    0  292 10119.0069 9934.14084  1.83%     -   72s
     0     0 9934.14084    0  304 10119.0069 9934.14084  1.83%     -   72s
     0     0 9934.14084    0  342 10119.0069 9934.14084  1.83%     -   72s
     0     0 9934.14084    0  332 10119.0069 9934.14084  1.83%     -   72s
     0     0 9934.14084    0  333 10119.0069 9934.14084  1.83%     -   72s
     0     0 9934.14084    0  329 10119.0069 9934.14084  1.83%     -   73s
H    0     0                    10118.902545 9934.14084  1.83%     -   74s
     0     0 9935.94260    0  391 10118.9025 9935.94260  1.81%     -   74s
     0     0 9938.52670    0  348 10118.9025 9938.52670  1.78%     -   74s
     0     0 9939.90681    0  357 10118.9025 9939.90681  1.77%     -   74s
     0     0 9940.11302    0  376 10118.9025 9940.11302  1.77%     -   75s
     0     0 9942.26770    0  380 10118.9025 9942.26770  1.75%     -   75s
     0     0 9943.55724    0  416 10118.9025 9943.55724  1.73%     -   76s
     0     0 9943.90904    0  425 10118.9025 9943.90904  1.73%     -   76s
     0     0 9945.59918    0  402 10118.9025 9945.59918  1.71%     -   77s
     0     0 9945.59918    0  401 10118.9025 9945.59918  1.71%     -   79s
H    0     0                    10097.162917 9947.67489  1.48%     -   80s
     0     0 9947.67489    0  177 10097.1629 9947.67489  1.48%     -   81s
     0     0 9947.67489    0  187 10097.1629 9947.67489  1.48%     -   82s
     0     0 9947.67489    0  184 10097.1629 9947.67489  1.48%     -   82s
     0     0 9947.67489    0  183 10097.1629 9947.67489  1.48%     -   82s
     0     0 9947.67489    0  211 10097.1629 9947.67489  1.48%     -   82s
     0     0 9947.67489    0  216 10097.1629 9947.67489  1.48%     -   82s
     0     0 9947.67489    0  176 10097.1629 9947.67489  1.48%     -   82s
     0     0 9947.67489    0  188 10097.1629 9947.67489  1.48%     -   82s
     0     0 9947.67489    0  206 10097.1629 9947.67489  1.48%     -   83s
     0     0 9947.67489    0  263 10097.1629 9947.67489  1.48%     -   83s
     0     0 9947.67489    0  221 10097.1629 9947.67489  1.48%     -   83s
     0     0 9947.67489    0  231 10097.1629 9947.67489  1.48%     -   83s
     0     0 9947.67489    0  219 10097.1629 9947.67489  1.48%     -   83s
     0     0 9947.67489    0  282 10097.1629 9947.67489  1.48%     -   84s
     0     0 9947.67489    0  238 10097.1629 9947.67489  1.48%     -   84s
     0     0 9951.89462    0  222 10097.1629 9951.89462  1.44%     -   84s
     0     0 9952.13668    0  303 10097.1629 9952.13668  1.44%     -   84s
     0     0 9952.23578    0  315 10097.1629 9952.23578  1.44%     -   85s
     0     0 9952.23815    0  315 10097.1629 9952.23815  1.44%     -   85s
     0     0 9954.35042    0  313 10097.1629 9954.35042  1.41%     -   85s
     0     0 9954.74127    0  221 10097.1629 9954.74127  1.41%     -   86s
     0     0 9954.79634    0  235 10097.1629 9954.79634  1.41%     -   86s
     0     0 9954.91175    0  284 10097.1629 9954.91175  1.41%     -   87s
     0     0 9956.89607    0  369 10097.1629 9956.89607  1.39%     -   88s
     0     0 9956.89607    0  368 10097.1629 9956.89607  1.39%     -   89s
H    0     0                    10096.236684 9956.89607  1.38%     -   90s
     0     2 9959.57616    0  368 10096.2367 9959.57616  1.35%     -   90s
H   27    40                    10069.940995 9964.51701  1.05%   337   96s
H   31    40                    10069.472816 9964.51701  1.04%   343   96s
H   36    40                    10069.103142 9967.72885  1.01%   344   96s
   264   261 9994.29646   15  230 10069.1031 9967.72885  1.01%   157  100s
   646   574 10021.0023   41  134 10069.1031 9967.72885  1.01%   132  105s
H  997   784                    10061.988700 9967.72885  0.94%   117  108s
H  998   716                    10039.508644 9967.72885  0.71%   117  108s
H 1099   733                    10039.457919 9968.71644  0.70%   115  111s
H 1100   729                    10039.014954 9968.71644  0.70%   115  111s
H 1104   719                    10038.378290 9968.71644  0.69%   115  111s
H 1111   712                    10037.684167 9968.71644  0.69%   117  111s
  1504  1021 infeasible   31      10037.6842 9974.48435  0.63%   116  115s
  1579  1022 9994.34942    9  389 10037.6842 9974.48435  0.63%   118  124s
  1581  1023 9995.49716   22  160 10037.6842 9974.48435  0.63%   118  125s
H 1586   975                    10024.806565 9974.48435  0.50%   118  126s
  1599   983 10022.3541   80  293 10024.8066 10000.1933  0.25%   117  130s

Cutting planes:
  Gomory: 9
  Cover: 12
  Clique: 34
  MIR: 1
  Flow cover: 1
  GUB cover: 8
  Zero half: 15
  RLT: 4

Explored 1626 nodes (241147 simplex iterations) in 132.43 seconds
Thread count was 24 (of 24 available processors)

Solution count 10: 10024.8 10037.7 10038.4 ... 10069.9

Optimal solution found (tolerance 1.00e-04)
Best objective 1.002480656480e+04, best bound 1.002406300369e+04, gap 0.0074%

Gurobi 9.0.0 (linux64, Python) logging started Fri Jan 10 03:03:59 2020

Using license file /home/takashi/gurobi/gurobi900/linux64/gurobi.lic
Set parameter LogFile to value gurobi.log
Academic license - for non-commercial use only
Read LP format model from file santa.lp
Reading time = 8.37 seconds
Obj: 5299 rows, 3147600 columns, 9409078 nonzeros
Gurobi Optimizer version 9.0.0 build v9.0.0rc2 (linux64)
Optimize a model with 5299 rows, 3147600 columns and 9409078 nonzeros
Model fingerprint: 0x8e38fb01
Variable types: 0 continuous, 3147600 integer (3147600 binary)
Coefficient statistics:
  Matrix range     [1e+00, 3e+02]
  Objective range  [3e-02, 4e+09]
  Bounds range     [1e+00, 1e+00]
  RHS range        [1e+00, 1e+00]
Warning: Model contains large objective coefficients
         Consider reformulating model or setting NumericFocus parameter
         to avoid numerical issues.
Presolve removed 0 rows and 30800 columns (presolve time = 5s) ...
Presolve removed 0 rows and 30900 columns (presolve time = 10s) ...
Presolve removed 0 rows and 30900 columns (presolve time = 15s) ...
Presolve removed 0 rows and 30900 columns (presolve time = 20s) ...
Presolve removed 0 rows and 30900 columns (presolve time = 25s) ...
Presolve removed 0 rows and 30900 columns
Presolve time: 25.32s
Presolved: 5299 rows, 3116700 columns, 9312529 nonzeros
Variable types: 0 continuous, 3116700 integer (3116700 binary)

Root simplex log...

Iteration    Objective       Primal Inf.    Dual Inf.      Time
       0    0.0000000e+00   6.554688e+03   0.000000e+00     36s

Starting sifting (using dual simplex for sub-problems)...

    Iter     Pivots    Primal Obj      Dual Obj        Time
       0          0     infinity      0.0000000e+00     37s
       1       6362   2.2004438e+12   6.8708756e+02     37s
       2      13695   2.3281504e+09   6.9082481e+02     38s
       3      18387   2.5617307e+07   7.0445282e+02     39s
       4      21690   1.7612562e+07   7.5839183e+02     40s
       5      24874   1.0719503e+07   7.8810279e+02     40s
       6      27846   8.3043698e+06   8.1209080e+02     41s
       7      30851   6.4412836e+06   8.6910833e+02     42s
       8      33868   2.7532959e+06   9.6220284e+02     42s
       9      37202   2.5787364e+06   1.2723139e+03     43s
      10      40332   2.5276788e+06   1.3585267e+03     43s
      11      43539   2.4828366e+06   1.5161306e+03     44s
      12      46829   2.4544878e+06   1.8575352e+03     44s
      13      50189   2.3665736e+06   2.0342453e+03     45s
      14      53466   2.3437355e+06   2.3522355e+03     45s
      15      56694   2.3257593e+06   3.0935569e+03     46s
      16      59909   2.2566733e+06   3.3506146e+03     47s
      17      63106   2.2285902e+06   3.6410242e+03     47s
      18      66161   2.1741780e+06   4.4519237e+03     48s
      19      69268   2.0726512e+06   5.5180387e+03     48s
      20      72455   1.9456288e+06   5.7839798e+03     49s
      21      75444   1.9206814e+06   6.3115498e+03     49s
      22      78604   1.8643486e+06   7.3980144e+03     50s
      23      81629   1.7900333e+06   8.2573604e+03     50s
      24      84693   1.7303159e+06   8.5239309e+03     51s
      25      87858   1.6909145e+06   9.2751490e+03     51s
      26      91016   1.6294012e+06   9.7146272e+03     52s
      27      94252   1.5646502e+06   9.7996322e+03     53s
      28      97387   1.5262481e+06   9.9253055e+03     53s
      29     100579   1.5008703e+06   1.0055664e+04     54s
      30     103971   1.4335756e+06   1.0154793e+04     54s
      31     107121   1.3937604e+06   1.0268850e+04     55s
      32     110994   1.4391712e+05   1.0543017e+04     56s
      33     114568   1.3687548e+05   1.0741136e+04     57s
      34     117709   1.3273793e+05   1.1018070e+04     57s
      35     120884   1.2759161e+05   1.2176625e+04     58s
      36     124185   1.2240357e+05   1.3110148e+04     58s
      37     127339   1.1901335e+05   1.3368539e+04     59s
      38     130541   1.1624919e+05   1.3800445e+04     60s
      39     133674   1.1379887e+05   1.4309974e+04     60s
      40     136961   1.1266175e+05   1.5437087e+04     61s
      41     140206   1.0907353e+05   1.5831966e+04     62s
      42     143593   1.0799940e+05   1.6826182e+04     62s
      43     146819   1.0655220e+05   1.7232436e+04     63s
      44     150115   1.0434950e+05   1.7702463e+04     63s
      45     153343   1.0285076e+05   1.8065560e+04     64s
      46     156588   1.0236336e+05   1.9292222e+04     65s
      47     159921   9.9937063e+04   2.0197753e+04     65s
      48     163510   9.8484765e+04   2.2267877e+04     66s
      49     166856   9.6448626e+04   2.3440908e+04     66s

Sifting complete

  170490   -6.8910753e+04   3.360806e+05   0.000000e+00     67s
  173092    6.5262415e+04   6.742064e+02   0.000000e+00     71s
  173483    6.5303669e+04   0.000000e+00   0.000000e+00     75s

Root relaxation: objective 6.530367e+04, 173483 iterations, 39.88 seconds

    Nodes    |    Current Node    |     Objective Bounds      |     Work
 Expl Unexpl |  Obj  Depth IntInf | Incumbent    BestBd   Gap | It/Node Time

     0     0 65303.6693    0  311          - 65303.6693      -     -   78s
     0     0 65341.9499    0  346          - 65341.9499      -     -  179s
     0     0 65355.3690    0  358          - 65355.3690      -     -  218s
     0     0 65369.8719    0  376          - 65369.8719      -     -  226s
     0     0 65377.0649    0  364          - 65377.0649      -     -  230s
     0     0 65382.5547    0  370          - 65382.5547      -     -  234s
     0     0 65391.1689    0  376          - 65391.1689      -     -  238s
     0     0 65395.9663    0  383          - 65395.9663      -     -  243s
     0     0 65400.7328    0  388          - 65400.7328      -     -  248s
     0     0 65403.1381    0  388          - 65403.1381      -     -  254s
     0     0 65407.0868    0  392          - 65407.0868      -     -  258s
     0     0 65410.7425    0  390          - 65410.7425      -     -  263s
     0     0 65412.8360    0  404          - 65412.8360      -     -  268s
     0     0 65418.4234    0  409          - 65418.4234      -     -  272s
     0     0 65421.0663    0  422          - 65421.0663      -     -  279s
     0     0 65421.8312    0  421          - 65421.8312      -     -  284s
     0     0 65422.5436    0  424          - 65422.5436      -     -  287s
     0     0 65423.1555    0  425          - 65423.1555      -     -  293s
     0     0 65423.5312    0  424          - 65423.5312      -     -  298s
     0     0 65423.9069    0  417          - 65423.9069      -     -  302s
     0     0 65423.9099    0  417          - 65423.9099      -     -  305s
     0     0 65438.8967    0  480          - 65438.8967      -     -  389s
     0     0 65482.5434    0  465          - 65482.5434      -     -  438s
     0     0 65493.3555    0  467          - 65493.3555      -     -  456s
     0     0 65506.2423    0  465          - 65506.2423      -     -  477s
     0     0 65510.1153    0  479          - 65510.1153      -     -  490s
     0     0 65516.0594    0  475          - 65516.0594      -     -  500s
     0     0 65524.6106    0  486          - 65524.6106      -     -  513s
     0     0 65527.3957    0  489          - 65527.3957      -     -  523s
     0     0 65529.4335    0  494          - 65529.4335      -     -  530s
     0     0 65530.4226    0  486          - 65530.4226      -     -  541s
     0     0 65531.3133    0  491          - 65531.3133      -     -  547s
     0     0 65531.6994    0  503          - 65531.6994      -     -  554s
     0     0 65532.1852    0  512          - 65532.1852      -     -  561s
     0     0 65533.1248    0  518          - 65533.1248      -     -  568s
     0     0 65533.5740    0  517          - 65533.5740      -     -  575s
     0     0 65533.8107    0  528          - 65533.8107      -     -  580s
     0     0 65533.8147    0  524          - 65533.8147      -     -  583s
     0     0 65545.2922    0  569          - 65545.2922      -     -  675s
     0     0 65568.5015    0  520          - 65568.5015      -     -  742s
     0     0 65580.1246    0  493          - 65580.1246      -     -  762s
     0     0 65588.3077    0  485          - 65588.3077      -     -  776s
     0     0 65594.5799    0  489          - 65594.5799      -     -  788s
     0     0 65597.5314    0  498          - 65597.5314      -     -  803s
     0     0 65609.3583    0  484          - 65609.3583      -     -  824s
     0     0 65611.4052    0  480          - 65611.4052      -     -  834s
     0     0 65616.5614    0  480          - 65616.5614      -     -  845s
     0     0 65618.8819    0  494          - 65618.8819      -     -  855s
     0     0 65620.2373    0  487          - 65620.2373      -     -  863s
     0     0 65621.2981    0  504          - 65621.2981      -     -  873s
     0     0 65622.1938    0  506          - 65622.1938      -     -  883s
     0     0 65623.5595    0  509          - 65623.5595      -     -  892s
     0     0 65624.2294    0  534          - 65624.2294      -     -  903s
     0     0 65624.9424    0  538          - 65624.9424      -     -  916s
     0     0 65625.5815    0  538          - 65625.5815      -     -  929s
     0     0 65625.7013    0  539          - 65625.7013      -     -  934s

Gurobi 9.0.0 (linux64, Python) logging started Fri Jan 10 03:21:02 2020

Using license file /home/takashi/gurobi/gurobi900/linux64/gurobi.lic
Set parameter LogFile to value gurobi.log
Academic license - for non-commercial use only
Read LP format model from file santa.lp
Reading time = 8.44 seconds
Obj: 5299 rows, 3147600 columns, 9409078 nonzeros
Changed value of parameter MIPFocus to 1
   Prev: 0  Min: 0  Max: 3  Default: 0
Changed value of parameter TimeLimit to 600.0
   Prev: inf  Min: 0.0  Max: inf  Default: inf
Gurobi Optimizer version 9.0.0 build v9.0.0rc2 (linux64)
Optimize a model with 5299 rows, 3147600 columns and 9409078 nonzeros
Model fingerprint: 0x8e38fb01
Variable types: 0 continuous, 3147600 integer (3147600 binary)
Coefficient statistics:
  Matrix range     [1e+00, 3e+02]
  Objective range  [3e-02, 4e+09]
  Bounds range     [1e+00, 1e+00]
  RHS range        [1e+00, 1e+00]
Warning: Model contains large objective coefficients
         Consider reformulating model or setting NumericFocus parameter
         to avoid numerical issues.
Presolve removed 0 rows and 30800 columns (presolve time = 5s) ...
Presolve removed 0 rows and 30800 columns (presolve time = 10s) ...
Presolve removed 0 rows and 30900 columns (presolve time = 15s) ...
Presolve removed 0 rows and 30900 columns (presolve time = 20s) ...
Presolve removed 0 rows and 30900 columns (presolve time = 25s) ...
Presolve removed 0 rows and 30900 columns
Presolve time: 25.43s
Presolved: 5299 rows, 3116700 columns, 9312529 nonzeros
Variable types: 0 continuous, 3116700 integer (3116700 binary)

Root simplex log...

Iteration    Objective       Primal Inf.    Dual Inf.      Time
       0    0.0000000e+00   6.554688e+03   0.000000e+00     36s

Starting sifting (using dual simplex for sub-problems)...

    Iter     Pivots    Primal Obj      Dual Obj        Time
       0          0     infinity      0.0000000e+00     37s
       1       6362   2.2004438e+12   6.8708756e+02     37s
       2      13695   2.3281504e+09   6.9082481e+02     38s
       3      18387   2.5617307e+07   7.0445282e+02     39s
       4      21690   1.7612562e+07   7.5839183e+02     40s
       5      24874   1.0719503e+07   7.8810279e+02     41s
       6      27846   8.3043698e+06   8.1209080e+02     41s
       7      30851   6.4412836e+06   8.6910833e+02     42s
       8      33868   2.7532959e+06   9.6220284e+02     42s
       9      37202   2.5787364e+06   1.2723139e+03     43s
      10      40332   2.5276788e+06   1.3585267e+03     43s
      11      43539   2.4828366e+06   1.5161306e+03     44s
      12      46829   2.4544878e+06   1.8575352e+03     44s
      13      50189   2.3665736e+06   2.0342453e+03     45s
      14      53466   2.3437355e+06   2.3522355e+03     46s
      15      56694   2.3257593e+06   3.0935569e+03     46s
      16      59909   2.2566733e+06   3.3506146e+03     47s
      17      63106   2.2285902e+06   3.6410242e+03     47s
      18      66161   2.1741780e+06   4.4519237e+03     48s
      19      69268   2.0726512e+06   5.5180387e+03     48s
      20      72455   1.9456288e+06   5.7839798e+03     49s
      21      75444   1.9206814e+06   6.3115498e+03     49s
      22      78604   1.8643486e+06   7.3980144e+03     50s
      23      81629   1.7900333e+06   8.2573604e+03     50s
      24      84693   1.7303159e+06   8.5239309e+03     51s
      25      87858   1.6909145e+06   9.2751490e+03     52s
      26      91016   1.6294012e+06   9.7146272e+03     52s
      27      94252   1.5646502e+06   9.7996322e+03     53s
      28      97387   1.5262481e+06   9.9253055e+03     53s
      29     100579   1.5008703e+06   1.0055664e+04     54s
      30     103971   1.4335756e+06   1.0154793e+04     55s
      31     107121   1.3937604e+06   1.0268850e+04     55s
      32     110994   1.4391712e+05   1.0543017e+04     56s
      33     114568   1.3687548e+05   1.0741136e+04     57s
      34     117709   1.3273793e+05   1.1018070e+04     57s
      35     120884   1.2759161e+05   1.2176625e+04     58s
      36     124185   1.2240357e+05   1.3110148e+04     59s
      37     127339   1.1901335e+05   1.3368539e+04     59s
      38     130541   1.1624919e+05   1.3800445e+04     60s
      39     133674   1.1379887e+05   1.4309974e+04     60s
      40     136961   1.1266175e+05   1.5437087e+04     61s
      41     140206   1.0907353e+05   1.5831966e+04     62s
      42     143593   1.0799940e+05   1.6826182e+04     62s
      43     146819   1.0655220e+05   1.7232436e+04     63s
      44     150115   1.0434950e+05   1.7702463e+04     63s
      45     153343   1.0285076e+05   1.8065560e+04     64s
      46     156588   1.0236336e+05   1.9292222e+04     65s
      47     159921   9.9937063e+04   2.0197753e+04     65s
      48     163510   9.8484765e+04   2.2267877e+04     66s
      49     166856   9.6448626e+04   2.3440908e+04     67s

Sifting complete

  170490   -6.8910753e+04   3.360806e+05   0.000000e+00     67s
  172872    6.5158586e+04   2.567544e+03   0.000000e+00     70s
  173483    6.5303669e+04   0.000000e+00   0.000000e+00     75s

Root relaxation: objective 6.530367e+04, 173483 iterations, 39.77 seconds

    Nodes    |    Current Node    |     Objective Bounds      |     Work
 Expl Unexpl |  Obj  Depth IntInf | Incumbent    BestBd   Gap | It/Node Time

     0     0 65303.6693    0  311          - 65303.6693      -     -   78s
     0     0 65345.7779    0  366          - 65345.7779      -     -  194s
     0     0 65358.8093    0  362          - 65358.8093      -     -  239s
     0     0 65369.1660    0  368          - 65369.1660      -     -  245s
     0     0 65377.6941    0  370          - 65377.6941      -     -  251s
     0     0 65387.6857    0  367          - 65387.6857      -     -  256s
     0     0 65392.8231    0  367          - 65392.8231      -     -  260s
     0     0 65396.5582    0  373          - 65396.5582      -     -  265s
     0     0 65400.6782    0  380          - 65400.6782      -     -  270s
     0     0 65403.1258    0  380          - 65403.1258      -     -  276s
     0     0 65407.9708    0  391          - 65407.9708      -     -  281s
     0     0 65411.7627    0  400          - 65411.7627      -     -  286s
     0     0 65412.8977    0  404          - 65412.8977      -     -  290s
     0     0 65418.4819    0  406          - 65418.4819      -     -  293s
     0     0 65421.1066    0  420          - 65421.1066      -     -  300s
     0     0 65421.8620    0  423          - 65421.8620      -     -  305s
     0     0 65422.3935    0  423          - 65422.3935      -     -  308s
     0     0 65423.0508    0  426          - 65423.0508      -     -  312s
     0     0 65423.1842    0  425          - 65423.1842      -     -  317s
     0     0 65423.1911    0  425          - 65423.1911      -     -  319s
     0     0 65438.4495    0  471          - 65438.4495      -     -  400s
     0     0 65467.2487    0  468          - 65467.2487      -     -  462s
     0     0 65475.6250    0  463          - 65475.6250      -     -  477s
     0     0 65485.5000    0  468          - 65485.5000      -     -  492s
     0     0 65490.2918    0  458          - 65490.2918      -     -  511s
     0     0 65495.1805    0  467          - 65495.1805      -     -  531s
     0     0 65505.3031    0  476          - 65505.3031      -     -  545s
     0     0 65509.8181    0  472          - 65509.8181      -     -  557s
     0     0 65513.4371    0  475          - 65513.4371      -     -  565s
     0     0 65514.7430    0  484          - 65514.7430      -     -  573s
     0     0 65516.0997    0  471          - 65516.0997      -     -  582s
     0     0 65517.4212    0  480          - 65517.4212      -     -  588s
     0     0 65518.0297    0  488          - 65518.0297      -     -  597s
     0     0          -    0               - 65518.0297      -     -  600s

Cutting planes:
  Cover: 195
  MIR: 7
  GUB cover: 123
  RLT: 39

Explored 1 nodes (178798 simplex iterations) in 600.07 seconds
Thread count was 24 (of 24 available processors)

Solution count 0

Time limit reached
Best objective -, best bound 6.551802974247e+04, gap -
Changed value of parameter TimeLimit to 3600.0
   Prev: 600.0  Min: 0.0  Max: inf  Default: inf
Gurobi Optimizer version 9.0.0 build v9.0.0rc2 (linux64)
Optimize a model with 5299 rows, 3147600 columns and 9409078 nonzeros
Model fingerprint: 0x8e38fb01
Variable types: 0 continuous, 3147600 integer (3147600 binary)
Coefficient statistics:
  Matrix range     [1e+00, 3e+02]
  Objective range  [3e-02, 4e+09]
  Bounds range     [1e+00, 1e+00]
  RHS range        [1e+00, 1e+00]
Warning: Model contains large objective coefficients
         Consider reformulating model or setting NumericFocus parameter
         to avoid numerical issues.
Presolved: 5299 rows, 3116700 columns, 9312529 nonzeros

Continuing optimization...

     2     4 65519.1894    1  491          - 65519.1894      -  5546  743s
     4     6 65519.3241    2  493          - 65519.3047      -  3232  779s
     8     8 65519.4417    3  489          - 65519.4417      -  1821  849s
    14    10 65519.5566    4  489          - 65519.5566      -  1174  902s
    22    12 65519.7375    5  486          - 65519.7375      -   823  972s
    32    14 65520.1349    6  492          - 65520.1349      -   629 1039s
    44    14 65520.1777    7  492          - 65520.1777      -   507 1101s
    56    16 65520.2690    8  489          - 65520.2690      -   440 1169s
    68    18 65520.3450    9  490          - 65520.3450      -   389 1228s
    88    22 65520.6412   10  490          - 65520.6412      -   341 1259s
   106    24 65520.8086   11  486          - 65520.8086      -   291 1340s
   128    23 infeasible   13               - 65520.8091      -   273 1375s
   155    28 infeasible   14               - 65520.8091      -   232 1400s
   184    26 infeasible   16               - 65520.8091      -   203 1421s
   218    27 66352.3074   18  408          - 65520.8091      -   177 1466s
   241    31 66352.6278   19  407          - 65520.8091      -   169 1495s
   269    36 infeasible   20               - 65520.8091      -   158 1534s
   302    44 infeasible   21               - 65520.8091      -   145 1577s
   338    46 infeasible   23               - 65520.8091      -   134 1620s
   380    55 infeasible   24               - 65520.8091      -   126 1660s
   407    67 infeasible   25               - 65520.8091      -   122 1689s
   457    74 66355.2199   27  408          - 65520.8091      -   112 1729s
   482    94 66355.2973   29  408          - 65520.8091      -   110 1763s
   542   104 infeasible   36               - 65520.8091      -   101 1808s
   590   122 66357.7747   40  408          - 65520.8091      -  99.0 1864s
   644   134 66358.6135   44  413          - 65520.8091      -  97.9 1921s
   684   152 infeasible   46               - 65520.8091      -  98.5 1987s
   740   175 infeasible   48               - 65520.8091      -   100 2085s
   791   191 infeasible   49               - 65520.8091      -   107 2174s
   853   205 infeasible   50               - 65520.8091      -   108 2214s
   883   231 66360.6130   51  413          - 65520.8091      -   107 2287s
   955   266 66360.9576   53  411          - 65520.8091      -   106 2375s
  1022   296 66362.3679   60  411          - 65520.8091      -   109 2448s
  1110   318 infeasible   68               - 65520.8091      -   108 2526s
  1192   368 66365.1089   74  411          - 65520.8091      -   108 2619s
  1294   392 infeasible   82               - 65520.8091      -   107 2706s
  1368   428 66367.1968   89  411          - 65520.8091      -   109 2813s
  1464   453 66367.5796   95  406          - 65520.8091      -   109 2876s
  1571   490 infeasible  103               - 65520.8091      -   105 2959s
  1676   522 66369.9973  110  407          - 65520.8091      -   103 3056s
  1760   560 66371.1452  116  407          - 65520.8091      -   104 3140s
  1862   604 66372.2157  127  408          - 65520.8091      -   103 3214s
  1972   646 infeasible  132               - 65520.8091      -   102 3276s
  2084   658 infeasible  138               - 65520.8091      -  99.5 3344s
  2190   681 68080.4744  143  357          - 65520.8091      -  97.8 3408s
  2295   700 infeasible  151               - 65520.8091      -  96.2 3480s
  2420   722 68084.1765  157  357          - 65520.8091      -  93.4 3539s
  2497   722 infeasible   77               - 65520.8091      -  91.1 3540s
  2544   733 infeasible  164               - 65520.8091      -  90.6 3599s
  2671   753 68087.3307  170  356          - 65520.8091      -  88.2 3650s
  2803   777 68088.5903  176  357          - 65520.8091      -  85.7 3708s
  2933   799 infeasible  183               - 65520.8091      -  83.5 3752s
  3065   831 68091.3471  191  356          - 65520.8091      -  81.1 3785s
  3197   860 68092.8539  199  356          - 65520.8091      -  78.6 3829s
  3318   860 68388.3051  174  357          - 65520.8091      -  76.5 3830s
  3328   894 68094.0745  205  356          - 65520.8091      -  76.4 3864s
  3460   918 68095.2465  212  355          - 65520.8091      -  74.2 3906s
  3592   951 68096.8183  218  358          - 65520.8091      -  72.4 3959s
  3701   976 infeasible  223               - 65520.8091      -  71.2 4008s
  3824   995 68099.7850  229  358          - 65520.8091      -  70.3 4049s
  3953  1025 infeasible  235               - 65520.8091      -  68.8 4095s
  4083  1052 68102.1079  242  358          - 65520.8091      -  67.7 4135s
  4214  1072 68103.1512  249  358          - 65520.8091      -  66.5 4181s
  4338  1108 68104.0058  257  357          - 65520.8091      -  65.8 4200s

Cutting planes:
  Cover: 195
  MIR: 7
  GUB cover: 123
  RLT: 39

Explored 4410 nodes (465013 simplex iterations) in 3600.96 seconds
Thread count was 24 (of 24 available processors)

Solution count 0

Time limit reached
Best objective -, best bound 6.552080910535e+04, gap -

Gurobi 9.0.0 (linux64, Python) logging started Fri Jan 10 15:21:06 2020

Using license file /home/takashi/gurobi/gurobi900/linux64/gurobi.lic
Set parameter LogFile to value gurobi.log
Academic license - for non-commercial use only
Read LP format model from file santa_sm.lp
Reading time = 0.11 seconds
Obj: 499 rows, 42000 columns, 125496 nonzeros
Read MIP start from file s_s.mst
Gurobi Optimizer version 9.0.0 build v9.0.0rc2 (linux64)
Optimize a model with 499 rows, 42000 columns and 125496 nonzeros
Model fingerprint: 0xd3d2b5e7
Variable types: 0 continuous, 42000 integer (42000 binary)
Coefficient statistics:
  Matrix range     [1e+00, 2e+01]
  Objective range  [4e-03, 2e+03]
  Bounds range     [1e+00, 1e+00]
  RHS range        [1e+00, 1e+00]

Loaded user MIP start with objective 2945.07

Presolve removed 0 rows and 6030 columns
Presolve time: 0.55s
Presolved: 499 rows, 35970 columns, 105040 nonzeros
Variable types: 0 continuous, 35970 integer (35970 binary)

Root relaxation: objective 1.067745e+03, 1203 iterations, 0.03 seconds

    Nodes    |    Current Node    |     Objective Bounds      |     Work
 Expl Unexpl |  Obj  Depth IntInf | Incumbent    BestBd   Gap | It/Node Time

     0     0 1147.96525    0  170 2945.07191 1147.96525  61.0%     -    0s
     0     0 2692.51781    0  162 2945.07191 2692.51781  8.58%     -    1s
     0     0 2692.51781    0  187 2945.07191 2692.51781  8.58%     -    2s
     0     0 2778.65446    0  117 2945.07191 2778.65446  5.65%     -    2s
     0     0 2822.72215    0   89 2945.07191 2822.72215  4.15%     -    2s
     0     0 2932.60865    0   47 2945.07191 2932.60865  0.42%     -    2s
     0     0 2945.04989    0   15 2945.07191 2945.04989  0.00%     -    2s

Cutting planes:
  Cover: 113
  Clique: 71
  GUB cover: 62
  Zero half: 11
  RLT: 89

Explored 1 nodes (4682 simplex iterations) in 2.93 seconds
Thread count was 24 (of 24 available processors)

Solution count 1: 2945.07 

Optimal solution found (tolerance 1.00e-04)
Best objective 2.945071907700e+03, best bound 2.945049887727e+03, gap 0.0007%

Gurobi 9.0.0 (linux64, Python) logging started Fri Jan 10 15:32:21 2020

Using license file /home/takashi/gurobi/gurobi900/linux64/gurobi.lic
Set parameter LogFile to value gurobi.log
Academic license - for non-commercial use only

Gurobi 9.0.0 (linux64, Python) logging started Fri Jan 10 23:31:46 2020

Using license file /home/takashi/gurobi/gurobi900/linux64/gurobi.lic
Set parameter LogFile to value gurobi.log
Academic license - for non-commercial use only
Read LP format model from file santa_sm.lp
Reading time = 2.57 seconds
Obj: 499 rows, 965000 columns, 2885266 nonzeros
Gurobi Optimizer version 9.0.0 build v9.0.0rc2 (linux64)
Optimize a model with 499 rows, 965000 columns and 2885266 nonzeros
Model fingerprint: 0xc90624f0
Variable types: 0 continuous, 965000 integer (965000 binary)
Coefficient statistics:
  Matrix range     [1e+00, 3e+02]
  Objective range  [3e-02, 2e+03]
  Bounds range     [1e+00, 1e+00]
  RHS range        [1e+00, 1e+00]
Presolve time: 0.20s

Explored 0 nodes (0 simplex iterations) in 0.93 seconds
Thread count was 1 (of 24 available processors)

Solution count 0

Model is infeasible
Best objective -, best bound -, gap -

<<<<<<< HEAD
Gurobi 9.0.0 (linux64, Python) logging started Sat Jan 11 03:13:54 2020

Using license file /home/takashi/gurobi/gurobi900/linux64/gurobi.lic
Set parameter LogFile to value gurobi.log
Academic license - for non-commercial use only
Read LP format model from file s_r.lp
Reading time = 3.43 seconds
: 5299 rows, 1585100 columns, 4737203 nonzeros
Read MIP start from file s_r.mst
Changed value of parameter MIPFocus to 3
   Prev: 0  Min: 0  Max: 3  Default: 0
Changed value of parameter Threads to 24
   Prev: 0  Min: 0  Max: 1024  Default: 0
Changed value of parameter NodefileStart to 2.0
   Prev: inf  Min: 0.0  Max: inf  Default: inf
Gurobi Optimizer version 9.0.0 build v9.0.0rc2 (linux64)
Optimize a model with 5299 rows, 1585100 columns and 4737203 nonzeros
Model fingerprint: 0x4d2adad3
Variable types: 0 continuous, 1585100 integer (1585100 binary)
Coefficient statistics:
  Matrix range     [1e+00, 3e+02]
  Objective range  [3e-02, 6e+05]
  Bounds range     [1e+00, 1e+00]
  RHS range        [1e+00, 1e+00]

Loaded user MIP start with objective 69620.1

Presolve removed 0 rows and 15275 columns (presolve time = 6s) ...
Presolve removed 0 rows and 15275 columns (presolve time = 11s) ...
Presolve removed 0 rows and 15293 columns
Presolve time: 13.01s
Presolved: 5299 rows, 1569807 columns, 4684225 nonzeros
Variable types: 0 continuous, 1569807 integer (1569807 binary)
Presolve removed 0 rows and 2160 columns
Presolved: 5299 rows, 1567647 columns, 4677745 nonzeros


Root simplex log...

Iteration    Objective       Primal Inf.    Dual Inf.      Time
       0    0.0000000e+00   1.478938e+03   0.000000e+00     16s

Starting sifting (using dual simplex for sub-problems)...

    Iter     Pivots    Primal Obj      Dual Obj        Time
       0          0     infinity      0.0000000e+00     16s
       1       1371   1.0458778e+09   5.2923556e+02     16s
       2       6020   6.2572471e+07   5.7951375e+02     17s
       3       9185   4.0604824e+07   6.1743043e+02     17s
       4      12409   3.2887991e+07   6.4072078e+02     18s
       5      14843   3.1750644e+07   7.3196141e+02     18s
       6      17160   2.0556072e+07   7.8931086e+02     19s
       7      19455   1.5680152e+07   9.9792836e+02     19s
       8      21913   9.3614996e+04   1.0877162e+03     19s
       9      24211   9.0372258e+04   1.5686912e+03     20s
      10      26610   8.9692732e+04   2.3148924e+03     20s
      11      28959   8.9220836e+04   3.1974790e+03     20s
      12      31313   8.8430191e+04   4.2862821e+03     21s
      13      33427   8.7828340e+04   4.6805959e+03     21s
      14      35687   8.7198389e+04   5.3609665e+03     21s
      15      38009   8.6657423e+04   7.0848445e+03     21s
      16      40390   8.6108268e+04   7.9903462e+03     22s
      17      42717   8.5789209e+04   9.4988799e+03     22s
      18      45094   8.5301559e+04   1.2290421e+04     22s
      19      47511   8.4668696e+04   1.4851069e+04     23s
      20      49815   8.4017090e+04   1.5445461e+04     23s
      21      52009   8.3455934e+04   1.6499684e+04     23s
      22      54300   8.3002139e+04   1.7379569e+04     24s
      23      56596   8.2663769e+04   1.8103373e+04     24s
      24      59048   8.2412815e+04   1.8653202e+04     24s
      25      61368   8.1853218e+04   1.9488662e+04     25s
      26      63757   8.1347809e+04   2.0882654e+04     25s
      27      65986   8.1110476e+04   2.1897544e+04     25s
      28      68200   8.0245286e+04   2.2471236e+04     26s
      29      70521   7.9980955e+04   2.2830559e+04     26s
      30      72860   7.9853078e+04   2.3397069e+04     26s
      31      75227   7.9579816e+04   2.4376616e+04     27s
      32      77506   7.9204523e+04   2.4916221e+04     27s
      33      79864   7.8857682e+04   2.5338933e+04     27s
      34      82129   7.8491764e+04   2.5776980e+04     28s
      35      84375   7.8397877e+04   2.6647739e+04     28s
      36      86734   7.7999920e+04   2.7288981e+04     28s
      37      88924   7.7712780e+04   2.7646510e+04     28s
      38      91100   7.7542905e+04   2.8223220e+04     29s
      39      93376   7.7165636e+04   2.8755492e+04     29s
      40      95690   7.6809998e+04   2.9951716e+04     29s
      41      98087   7.6126490e+04   3.0643872e+04     30s
      42     100281   7.5917002e+04   3.1568542e+04     30s
      43     102764   7.5416843e+04   3.2393911e+04     30s
      44     105089   7.4829832e+04   3.3368744e+04     31s
      45     107454   7.4525267e+04   3.4111547e+04     31s
      46     109724   7.3980554e+04   3.4841764e+04     31s
      47     112037   7.3314831e+04   3.5357858e+04     32s
      48     114236   7.3154178e+04   3.6774696e+04     32s
      49     116526   7.2638058e+04   3.7317904e+04     32s

Sifting complete

  119172    5.4508301e+04   2.262951e+04   0.000000e+00     33s
  120445    6.5303669e+04   0.000000e+00   0.000000e+00     35s
  120445    6.5303669e+04   0.000000e+00   0.000000e+00     36s

Root relaxation: objective 6.530367e+04, 120445 iterations, 21.96 seconds

    Nodes    |    Current Node    |     Objective Bounds      |     Work
 Expl Unexpl |  Obj  Depth IntInf | Incumbent    BestBd   Gap | It/Node Time

     0     0 65303.6693    0  310 69620.0568 65303.6693  6.20%     -   37s
     0     0 65314.1059    0  320 69620.0568 65314.1059  6.18%     -  115s
     0     0 65333.4660    0  327 69620.0568 65333.4660  6.16%     -  135s
     0     0 65346.7125    0  333 69620.0568 65346.7125  6.14%     -  139s
     0     0 65363.1762    0  340 69620.0568 65363.1762  6.11%     -  142s
     0     0 65368.1808    0  341 69620.0568 65368.1808  6.11%     -  145s
     0     0 65370.9271    0  353 69620.0568 65370.9271  6.10%     -  148s
     0     0 65379.4351    0  356 69620.0568 65379.4351  6.09%     -  151s
     0     0 65381.1060    0  361 69620.0568 65381.1060  6.09%     -  154s
     0     0 65387.6872    0  377 69620.0568 65387.6872  6.08%     -  158s
     0     0 65393.0824    0  386 69620.0568 65393.0824  6.07%     -  161s
     0     0 65399.2737    0  370 69620.0568 65399.2737  6.06%     -  164s
     0     0 65406.2872    0  387 69620.0568 65406.2872  6.05%     -  167s
     0     0 65407.4423    0  379 69620.0568 65407.4423  6.05%     -  170s
     0     0 65413.0300    0  391 69620.0568 65413.0300  6.04%     -  173s
     0     0 65416.2219    0  397 69620.0568 65416.2219  6.04%     -  175s
     0     0 65417.8946    0  402 69620.0568 65417.8946  6.04%     -  177s
     0     0 65420.8367    0  409 69620.0568 65420.8367  6.03%     -  180s
     0     0 65425.6153    0  403 69620.0568 65425.6153  6.02%     -  183s
     0     0 65426.3932    0  412 69620.0568 65426.3932  6.02%     -  186s
     0     0 65427.2962    0  414 69620.0568 65427.2962  6.02%     -  189s
     0     0 65427.3429    0  418 69620.0568 65427.3429  6.02%     -  191s
     0     0 65427.3429    0  420 69620.0568 65427.3429  6.02%     -  192s
     0     0 65431.9952    0  445 69620.0568 65431.9952  6.02%     -  227s

Cutting planes:
  Cover: 160
  GUB cover: 76
  RLT: 49

Explored 1 nodes (123221 simplex iterations) in 249.37 seconds
Thread count was 24 (of 24 available processors)

Solution count 1: 69620.1 

Solve interrupted
Best objective 6.962005681870e+04, best bound 6.543199517675e+04, gap 6.0156%
Changed value of parameter MIPFocus to 1
   Prev: 3  Min: 0  Max: 3  Default: 0
Gurobi Optimizer version 9.0.0 build v9.0.0rc2 (linux64)
Optimize a model with 5299 rows, 1585100 columns and 4737203 nonzeros
Model fingerprint: 0x4d2adad3
Variable types: 0 continuous, 1585100 integer (1585100 binary)
Coefficient statistics:
  Matrix range     [1e+00, 3e+02]
  Objective range  [3e-02, 6e+05]
  Bounds range     [1e+00, 1e+00]
  RHS range        [1e+00, 1e+00]
Presolved: 5299 rows, 1569807 columns, 4684225 nonzeros

Continuing optimization...


Cutting planes:
  Cover: 160
  GUB cover: 76
  RLT: 49

Explored 2 nodes (123254 simplex iterations) in 404.80 seconds
Thread count was 24 (of 24 available processors)

Solution count 1: 69620.1 

Solve interrupted
Best objective 6.962005681870e+04, best bound 6.543287641220e+04, gap 6.0143%

Solving model using baseline parameter set with TimeLimit=3600s

Solving with random seed #1 ...
Optimize a model with 5299 rows, 1585100 columns and 4737203 nonzeros
Model fingerprint: 0x4d2adad3
Variable types: 0 continuous, 1585100 integer (1585100 binary)
Coefficient statistics:
  Matrix range     [1e+00, 3e+02]
  Objective range  [3e-02, 6e+05]
  Bounds range     [1e+00, 1e+00]
  RHS range        [1e+00, 1e+00]

Loaded user MIP start with objective 69620.1

Presolve removed 0 rows and 15275 columns (presolve time = 6s) ...
Presolve removed 0 rows and 15275 columns (presolve time = 11s) ...
Presolve removed 0 rows and 15275 columns
Presolve time: 11.42s
Presolved: 5299 rows, 1569825 columns, 4684279 nonzeros
Variable types: 0 continuous, 1569825 integer (1569825 binary)

Root simplex log...

Iteration    Objective       Primal Inf.    Dual Inf.      Time
       0    0.0000000e+00   6.554688e+03   0.000000e+00     12s

Starting sifting (using dual simplex for sub-problems)...

    Iter     Pivots    Primal Obj      Dual Obj        Time
       0          0     infinity      0.0000000e+00     13s
       1       6278   1.0458778e+09   6.2696122e+02     13s
       2      10742   5.8151753e+07   6.7470525e+02     13s
       3      14896   3.1217764e+07   7.1034159e+02     14s
       4      18236   1.4543122e+07   8.1392893e+02     14s
       5      21473   9.3745439e+04   9.1494612e+02     15s
       6      24690   9.1943670e+04   1.1416889e+03     15s
       7      27703   9.1565700e+04   3.1273471e+03     15s
       8      30654   9.0588250e+04   4.1460488e+03     15s
       9      33613   9.0313056e+04   5.7111046e+03     16s
      10      36508   8.9979592e+04   6.9607670e+03     16s
      11      39434   8.9734493e+04   8.0070162e+03     16s
      12      42188   8.9394488e+04   8.7089088e+03     17s
      13      45078   8.9137781e+04   9.7320369e+03     17s
      14      48032   8.8628198e+04   1.1542002e+04     17s
      15      50839   8.8290680e+04   1.3177658e+04     18s
      16      53714   8.7770127e+04   1.4583777e+04     18s
      17      56501   8.7482327e+04   1.5589878e+04     18s
      18      59368   8.6808590e+04   1.6358485e+04     19s
      19      62397   8.6538410e+04   1.8229984e+04     19s
      20      65300   8.5839372e+04   1.8668559e+04     19s
      21      68295   8.5393599e+04   1.9863993e+04     19s
      22      71136   8.5028358e+04   2.0274468e+04     20s
      23      73933   8.4707893e+04   2.1320084e+04     20s
      24      76725   8.4360036e+04   2.1805491e+04     20s
      25      79642   8.3551865e+04   2.2375519e+04     21s
      26      82450   8.2918927e+04   2.3470825e+04     21s
      27      85155   8.2348819e+04   2.3661585e+04     21s
      28      87943   8.1685056e+04   2.3977368e+04     22s
      29      90770   8.1537371e+04   2.4729496e+04     22s
      30      93603   8.1225626e+04   2.5807594e+04     22s
      31      96455   8.0493870e+04   2.6383348e+04     22s
      32      99218   8.0008706e+04   2.7086585e+04     23s
      33     102136   7.9455526e+04   2.7539957e+04     23s
      34     105134   7.9226248e+04   2.8041999e+04     23s
      35     108051   7.8843258e+04   2.8931118e+04     24s
      36     110954   7.8411825e+04   2.9446114e+04     24s
      37     113878   7.7942416e+04   3.0084653e+04     24s
      38     116765   7.7290515e+04   3.0608862e+04     25s
      39     119576   7.6644298e+04   3.1164218e+04     25s
      40     122396   7.6569393e+04   3.1853260e+04     25s
      41     125383   7.5871163e+04   3.2852926e+04     26s
      42     128425   7.5195022e+04   3.4057891e+04     26s
      43     131157   7.4551087e+04   3.4838446e+04     26s
      44     134007   7.3921574e+04   3.5700839e+04     27s
      45     136876   7.3435591e+04   3.6347933e+04     27s
      46     139851   7.2801338e+04   3.6964789e+04     27s
      47     142909   7.2548778e+04   3.8566452e+04     28s
      48     145938   7.1535805e+04   4.0008123e+04     28s
      49     149080   7.1146927e+04   4.0337925e+04     28s

Sifting complete

  152275   -4.6585426e+04   5.305316e+04   0.000000e+00     29s
  153755    6.5214095e+04   4.831618e+03   0.000000e+00     30s
  154099    6.5303669e+04   0.000000e+00   0.000000e+00     32s

Root relaxation: objective 6.530367e+04, 154099 iterations, 19.93 seconds

    Nodes    |    Current Node    |     Objective Bounds      |     Work
 Expl Unexpl |  Obj  Depth IntInf | Incumbent    BestBd   Gap | It/Node Time

     0     0 65303.6693    0  310 69620.0568 65303.6693  6.20%     -   34s
     0     0 65315.8521    0  325 69620.0568 65315.8521  6.18%     -  107s
     0     0 65331.3252    0  324 69620.0568 65331.3252  6.16%     -  224s
     0     0 65347.2219    0  334 69620.0568 65347.2219  6.14%     -  227s
     0     0 65361.5766    0  344 69620.0568 65361.5766  6.12%     -  231s
     0     0 65363.7459    0  340 69620.0568 65363.7459  6.11%     -  234s
     0     0 65368.1918    0  343 69620.0568 65368.1918  6.11%     -  237s
     0     0 65375.9851    0  352 69620.0568 65375.9851  6.10%     -  239s
     0     0 65379.4385    0  366 69620.0568 65379.4385  6.09%     -  242s
     0     0 65387.6447    0  366 69620.0568 65387.6447  6.08%     -  246s
     0     0 65395.0134    0  361 69620.0568 65395.0134  6.07%     -  248s
     0     0 65404.4331    0  370 69620.0568 65404.4331  6.06%     -  252s
     0     0 65408.9635    0  375 69620.0568 65408.9635  6.05%     -  255s
     0     0 65411.0569    0  380 69620.0568 65411.0569  6.05%     -  258s
     0     0 65414.1008    0  387 69620.0568 65414.1008  6.04%     -  261s
     0     0 65416.4351    0  402 69620.0568 65416.4351  6.04%     -  265s
     0     0 65420.8159    0  396 69620.0568 65420.8159  6.03%     -  269s
     0     0 65423.3001    0  397 69620.0568 65423.3001  6.03%     -  271s
     0     0 65424.8726    0  404 69620.0568 65424.8726  6.03%     -  274s
     0     0 65425.0946    0  410 69620.0568 65425.0946  6.03%     -  278s
     0     0 65425.2155    0  407 69620.0568 65425.2155  6.03%     -  279s
     0     0 65425.2157    0  408 69620.0568 65425.2157  6.03%     -  280s
     0     0 65453.8623    0  420 69620.0568 65453.8623  5.98%     -  309s
     0     0 65468.3820    0  422 69620.0568 65468.3820  5.96%     -  512s
     0     0 65478.5229    0  424 69620.0568 65478.5229  5.95%     -  518s
     0     0 65487.8446    0  425 69620.0568 65487.8446  5.94%     -  523s
     0     0 65490.9299    0  428 69620.0568 65490.9299  5.93%     -  530s
     0     0 65496.3549    0  435 69620.0568 65496.3549  5.92%     -  536s
     0     0 65505.8939    0  425 69620.0568 65505.8939  5.91%     -  546s
     0     0 65506.6909    0  431 69620.0568 65506.6909  5.91%     -  550s
     0     0 65514.6302    0  439 69620.0568 65514.6302  5.90%     -  557s
     0     0 65520.7435    0  440 69620.0568 65520.7435  5.89%     -  564s
     0     0 65523.4156    0  446 69620.0568 65523.4156  5.88%     -  570s
     0     0 65530.8777    0  452 69620.0568 65530.8777  5.87%     -  576s
     0     0 65536.4666    0  466 69620.0568 65536.4666  5.87%     -  586s
     0     0 65537.1118    0  473 69620.0568 65537.1118  5.86%     -  591s
     0     0 65538.0705    0  470 69620.0568 65538.0705  5.86%     -  596s
     0     0 65538.8349    0  477 69620.0568 65538.8349  5.86%     -  599s
     0     0 65541.1505    0  471 69620.0568 65541.1505  5.86%     -  603s
     0     0 65542.0980    0  475 69620.0568 65542.0980  5.86%     -  607s
     0     0 65543.4724    0  477 69620.0568 65543.4724  5.86%     -  611s
     0     0 65544.3425    0  472 69620.0568 65544.3425  5.85%     -  616s
     0     0 65544.4096    0  479 69620.0568 65544.4096  5.85%     -  620s
     0     0 65544.4543    0  474 69620.0568 65544.4543  5.85%     -  622s

Cutting planes:
  Cover: 255
  MIR: 10
  GUB cover: 114
  RLT: 53

Explored 1 nodes (160826 simplex iterations) in 647.24 seconds
Thread count was 24 (of 24 available processors)

Solution count 1: 69620.1 

Solve interrupted
Best objective 6.962005681870e+04, best bound 6.554445428500e+04, gap 5.8541%



Tuning Interrupted

-------------------------------------------------------------------------------

Tested 0 parameter sets in 647.29s
Unable to improve on baseline parameter set.

=======
Gurobi 9.0.0 (linux64, Python) logging started Sun Jan 12 14:41:02 2020

Using license file /home/yashima/gurobi.lic
Set parameter LogFile to value gurobi.log
Academic license - for non-commercial use only

Gurobi 9.0.0 (linux64, Python) logging started Sun Jan 12 14:44:29 2020

Using license file /home/yashima/gurobi.lic
Set parameter LogFile to value gurobi.log
Academic license - for non-commercial use only

Gurobi 9.0.0 (linux64, Python) logging started Sun Jan 12 14:45:00 2020

Using license file /home/yashima/gurobi.lic
Set parameter LogFile to value gurobi.log
Academic license - for non-commercial use only
>>>>>>> master
